[2025-08-01 16:06:02]	[info] incremental build: 32 source files changed
These source files will be recompiled
---
'c:\Users\proyr\Documents\Github\SC32-RT-Thread\hal\SC32F1X\src\sc32f1xxx_adc.c': object (.o) file not exist
'c:\Users\proyr\Documents\Github\SC32-RT-Thread\hal\SC32F1X\src\sc32f1xxx_btm.c': object (.o) file not exist
'c:\Users\proyr\Documents\Github\SC32-RT-Thread\hal\SC32F1X\src\sc32f1xxx_can.c': object (.o) file not exist
'c:\Users\proyr\Documents\Github\SC32-RT-Thread\hal\SC32F1X\src\sc32f1xxx_cmp.c': object (.o) file not exist
'c:\Users\proyr\Documents\Github\SC32-RT-Thread\hal\SC32F1X\src\sc32f1xxx_crc.c': object (.o) file not exist
'c:\Users\proyr\Documents\Github\SC32-RT-Thread\hal\SC32F1X\src\sc32f1xxx_dac.c': object (.o) file not exist
'c:\Users\proyr\Documents\Github\SC32-RT-Thread\hal\SC32F1X\src\sc32f1xxx_dma.c': object (.o) file not exist
'c:\Users\proyr\Documents\Github\SC32-RT-Thread\hal\SC32F1X\src\sc32f1xxx_gpio.c': object (.o) file not exist
'c:\Users\proyr\Documents\Github\SC32-RT-Thread\hal\SC32F1X\src\sc32f1xxx_iap.c': object (.o) file not exist
'c:\Users\proyr\Documents\Github\SC32-RT-Thread\hal\SC32F1X\src\sc32f1xxx_int.c': object (.o) file not exist
'c:\Users\proyr\Documents\Github\SC32-RT-Thread\hal\SC32F1X\src\sc32f1xxx_lcd.c': object (.o) file not exist
'c:\Users\proyr\Documents\Github\SC32-RT-Thread\hal\SC32F1X\src\sc32f1xxx_led.c': object (.o) file not exist
'c:\Users\proyr\Documents\Github\SC32-RT-Thread\hal\SC32F1X\src\sc32f1xxx_ledpwm.c': object (.o) file not exist
'c:\Users\proyr\Documents\Github\SC32-RT-Thread\hal\SC32F1X\src\sc32f1xxx_op.c': object (.o) file not exist
'c:\Users\proyr\Documents\Github\SC32-RT-Thread\hal\SC32F1X\src\sc32f1xxx_option.c': object (.o) file not exist
'c:\Users\proyr\Documents\Github\SC32-RT-Thread\hal\SC32F1X\src\sc32f1xxx_pga.c': object (.o) file not exist
'c:\Users\proyr\Documents\Github\SC32-RT-Thread\hal\SC32F1X\src\sc32f1xxx_pwm.c': object (.o) file not exist
'c:\Users\proyr\Documents\Github\SC32-RT-Thread\hal\SC32F1X\src\sc32f1xxx_pwr.c': object (.o) file not exist
'c:\Users\proyr\Documents\Github\SC32-RT-Thread\hal\SC32F1X\src\sc32f1xxx_qep.c': object (.o) file not exist
'c:\Users\proyr\Documents\Github\SC32-RT-Thread\hal\SC32F1X\src\sc32f1xxx_qspi.c': object (.o) file not exist
'c:\Users\proyr\Documents\Github\SC32-RT-Thread\hal\SC32F1X\src\sc32f1xxx_rcc.c': object (.o) file not exist
'c:\Users\proyr\Documents\Github\SC32-RT-Thread\hal\SC32F1X\src\sc32f1xxx_spi.c': object (.o) file not exist
'c:\Users\proyr\Documents\Github\SC32-RT-Thread\hal\SC32F1X\src\sc32f1xxx_spi1_twi1.c': object (.o) file not exist
'c:\Users\proyr\Documents\Github\SC32-RT-Thread\hal\SC32F1X\src\sc32f1xxx_temper.c': object (.o) file not exist
'c:\Users\proyr\Documents\Github\SC32-RT-Thread\hal\SC32F1X\src\sc32f1xxx_tim.c': object (.o) file not exist
'c:\Users\proyr\Documents\Github\SC32-RT-Thread\hal\SC32F1X\src\sc32f1xxx_twi.c': object (.o) file not exist
'c:\Users\proyr\Documents\Github\SC32-RT-Thread\hal\SC32F1X\src\sc32f1xxx_uart.c': object (.o) file not exist
'c:\Users\proyr\Documents\Github\SC32-RT-Thread\hal\SC32F1X\src\sc32f1xxx_vref.c': object (.o) file not exist
'c:\Users\proyr\Documents\Github\SC32-RT-Thread\hal\SC32F1X\src\sc32f1xxx_wdt.c': object (.o) file not exist
'c:\Users\proyr\Documents\Github\SC32-RT-Thread\hal\SC32F1X\src\system_sc32f1xxx.c': object (.o) file not exist
'c:\Users\proyr\Documents\Github\SC32-RT-Thread\src\main.c': object (.o) file not exist
'c:\Users\proyr\Documents\Github\SC32-RT-Thread\src\startup_sc32r803.s': object (.o) file not exist

[2025-08-01 16:06:02]	[done]
	build successfully !

[2025-08-01 16:14:30]	[info] incremental build: 31 source files changed
These source files will be recompiled
---
'c:\Users\proyr\Documents\Github\SC32-RT-Thread\hal\SC32F1X\src\sc32f1xxx_adc.c': compiler options has been changed.
'c:\Users\proyr\Documents\Github\SC32-RT-Thread\hal\SC32F1X\src\sc32f1xxx_btm.c': compiler options has been changed.
'c:\Users\proyr\Documents\Github\SC32-RT-Thread\hal\SC32F1X\src\sc32f1xxx_can.c': compiler options has been changed.
'c:\Users\proyr\Documents\Github\SC32-RT-Thread\hal\SC32F1X\src\sc32f1xxx_cmp.c': compiler options has been changed.
'c:\Users\proyr\Documents\Github\SC32-RT-Thread\hal\SC32F1X\src\sc32f1xxx_crc.c': compiler options has been changed.
'c:\Users\proyr\Documents\Github\SC32-RT-Thread\hal\SC32F1X\src\sc32f1xxx_dac.c': compiler options has been changed.
'c:\Users\proyr\Documents\Github\SC32-RT-Thread\hal\SC32F1X\src\sc32f1xxx_dma.c': compiler options has been changed.
'c:\Users\proyr\Documents\Github\SC32-RT-Thread\hal\SC32F1X\src\sc32f1xxx_gpio.c': compiler options has been changed.
'c:\Users\proyr\Documents\Github\SC32-RT-Thread\hal\SC32F1X\src\sc32f1xxx_iap.c': compiler options has been changed.
'c:\Users\proyr\Documents\Github\SC32-RT-Thread\hal\SC32F1X\src\sc32f1xxx_int.c': compiler options has been changed.
'c:\Users\proyr\Documents\Github\SC32-RT-Thread\hal\SC32F1X\src\sc32f1xxx_lcd.c': compiler options has been changed.
'c:\Users\proyr\Documents\Github\SC32-RT-Thread\hal\SC32F1X\src\sc32f1xxx_led.c': compiler options has been changed.
'c:\Users\proyr\Documents\Github\SC32-RT-Thread\hal\SC32F1X\src\sc32f1xxx_ledpwm.c': compiler options has been changed.
'c:\Users\proyr\Documents\Github\SC32-RT-Thread\hal\SC32F1X\src\sc32f1xxx_op.c': compiler options has been changed.
'c:\Users\proyr\Documents\Github\SC32-RT-Thread\hal\SC32F1X\src\sc32f1xxx_option.c': compiler options has been changed.
'c:\Users\proyr\Documents\Github\SC32-RT-Thread\hal\SC32F1X\src\sc32f1xxx_pga.c': compiler options has been changed.
'c:\Users\proyr\Documents\Github\SC32-RT-Thread\hal\SC32F1X\src\sc32f1xxx_pwm.c': compiler options has been changed.
'c:\Users\proyr\Documents\Github\SC32-RT-Thread\hal\SC32F1X\src\sc32f1xxx_pwr.c': compiler options has been changed.
'c:\Users\proyr\Documents\Github\SC32-RT-Thread\hal\SC32F1X\src\sc32f1xxx_qep.c': compiler options has been changed.
'c:\Users\proyr\Documents\Github\SC32-RT-Thread\hal\SC32F1X\src\sc32f1xxx_qspi.c': compiler options has been changed.
'c:\Users\proyr\Documents\Github\SC32-RT-Thread\hal\SC32F1X\src\sc32f1xxx_rcc.c': compiler options has been changed.
'c:\Users\proyr\Documents\Github\SC32-RT-Thread\hal\SC32F1X\src\sc32f1xxx_spi.c': compiler options has been changed.
'c:\Users\proyr\Documents\Github\SC32-RT-Thread\hal\SC32F1X\src\sc32f1xxx_spi1_twi1.c': compiler options has been changed.
'c:\Users\proyr\Documents\Github\SC32-RT-Thread\hal\SC32F1X\src\sc32f1xxx_temper.c': compiler options has been changed.
'c:\Users\proyr\Documents\Github\SC32-RT-Thread\hal\SC32F1X\src\sc32f1xxx_tim.c': compiler options has been changed.
'c:\Users\proyr\Documents\Github\SC32-RT-Thread\hal\SC32F1X\src\sc32f1xxx_twi.c': compiler options has been changed.
'c:\Users\proyr\Documents\Github\SC32-RT-Thread\hal\SC32F1X\src\sc32f1xxx_uart.c': compiler options has been changed.
'c:\Users\proyr\Documents\Github\SC32-RT-Thread\hal\SC32F1X\src\sc32f1xxx_vref.c': compiler options has been changed.
'c:\Users\proyr\Documents\Github\SC32-RT-Thread\hal\SC32F1X\src\sc32f1xxx_wdt.c': compiler options has been changed.
'c:\Users\proyr\Documents\Github\SC32-RT-Thread\hal\SC32F1X\src\system_sc32f1xxx.c': compiler options has been changed.
'c:\Users\proyr\Documents\Github\SC32-RT-Thread\src\main.c': compiler options has been changed.

[2025-08-01 16:14:31]	compilation failed at : "c:\Users\proyr\Documents\Github\SC32-RT-Thread\hal\SC32F1X\src\sc32f1xxx_gpio.c", exit code: 1
command: 
  "C:\Users\proyr\AppData\Local\Keil_v5\ARM\ARMCLANG\bin\armclang.exe" --target=arm-arm-none-eabi -c -xc -std=gnu11 -Ihal/SC32F1X/inc -Isrc -I.cmsis/include -D"SC32R803" -mcpu=cortex-m0plus -mlittle-endian -D__MICROLIB -O0 -ffunction-sections -funsigned-char -fno-rtti -Wno-packed -Wno-missing-variable-declarations -Wno-missing-prototypes -Wno-missing-noreturn -Wno-sign-conversion -Wno-nonportable-include-path -Wno-reserved-id-macro -Wno-unused-macros -Wno-documentation-unknown-command -Wno-documentation -Wno-license-management -Wno-parentheses-equality -g -o ./build/Main/.obj/hal/SC32F1X/src/sc32f1xxx_gpio.o -MMD ./hal/SC32F1X/src/sc32f1xxx_gpio.c
   at unify_builder.Program.compileByMulThread(Int32 thrNum, CmdInfo[] cmds_, List`1 errLogs)
   at unify_builder.Program.Main(String[] args_)
---
In file included from ./hal/SC32F1X/src/sc32f1xxx_btm.c:27:
In file included from hal/SC32F1X/inc\sc32f1xxx_btm.h:35:
In file included from hal/SC32F1X/inc\sc32f1xxx.h:57:
hal/SC32F1X/inc\sc32r803.h:135:14: fatal error: 'core_cm0plus.h' file not found
  135 | #    include "core_cm0plus.h" /* Cortex-M0+ processor and core peripherals */
      |              ^~~~~~~~~~~~~~~~
1 error generated.
In file included from ./hal/SC32F1X/src/sc32f1xxx_can.c:28:
In file included from hal/SC32F1X/inc\sc32f1xxx_can.h:36:
In file included from hal/SC32F1X/inc\sc32f1xxx.h:57:
hal/SC32F1X/inc\sc32r803.h:135:14: fatal error: 'core_cm0plus.h' file not found
  135 | #    include "core_cm0plus.h" /* Cortex-M0+ processor and core peripherals */
      |              ^~~~~~~~~~~~~~~~
1 error generated.
In file included from ./hal/SC32F1X/src/sc32f1xxx_cmp.c:27:
In file included from hal/SC32F1X/inc\sc32f1xxx_cmp.h:34:
In file included from hal/SC32F1X/inc\sc32f1xxx.h:57:
hal/SC32F1X/inc\sc32r803.h:135:14: fatal error: 'core_cm0plus.h' file not found
  135 | #    include "core_cm0plus.h" /* Cortex-M0+ processor and core peripherals */
      |              ^~~~~~~~~~~~~~~~
1 error generated.
In file included from ./hal/SC32F1X/src/sc32f1xxx_adc.c:27:
In file included from hal/SC32F1X/inc\sc32f1xxx_adc.h:35:
In file included from hal/SC32F1X/inc\sc32_conf.h:27:
In file included from hal/SC32F1X/inc\sc32f1xxx.h:57:
hal/SC32F1X/inc\sc32r803.h:135:14: fatal error: 'core_cm0plus.h' file not found
  135 | #    include "core_cm0plus.h" /* Cortex-M0+ processor and core peripherals */
      |              ^~~~~~~~~~~~~~~~
1 error generated.
In file included from ./hal/SC32F1X/src/sc32f1xxx_crc.c:27:
In file included from hal/SC32F1X/inc\sc32f1xxx_crc.h:35:
In file included from hal/SC32F1X/inc\sc32f1xxx.h:57:
hal/SC32F1X/inc\sc32r803.h:135:14: fatal error: 'core_cm0plus.h' file not found
  135 | #    include "core_cm0plus.h" /* Cortex-M0+ processor and core peripherals */
      |              ^~~~~~~~~~~~~~~~
1 error generated.
In file included from ./hal/SC32F1X/src/sc32f1xxx_dma.c:27:
In file included from hal/SC32F1X/inc\sc32f1xxx_dma.h:35:
In file included from hal/SC32F1X/inc\sc32f1xxx.h:57:
hal/SC32F1X/inc\sc32r803.h:135:14: fatal error: 'core_cm0plus.h' file not found
  135 | #    include "core_cm0plus.h" /* Cortex-M0+ processor and core peripherals */
      |              ^~~~~~~~~~~~~~~~
1 error generated.
In file included from ./hal/SC32F1X/src/sc32f1xxx_gpio.c:27:
In file included from hal/SC32F1X/inc\sc32f1xxx_gpio.h:35:
In file included from hal/SC32F1X/inc\sc32f1xxx.h:57:
hal/SC32F1X/inc\sc32r803.h:135:14: fatal error: 'core_cm0plus.h' file not found
  135 | #    include "core_cm0plus.h" /* Cortex-M0+ processor and core peripherals */
      |              ^~~~~~~~~~~~~~~~
1 error generated.

[2025-08-01 16:14:57]	[info] incremental build: 31 source files changed
These source files will be recompiled
---
'c:\Users\proyr\Documents\Github\SC32-RT-Thread\hal\SC32F1X\src\sc32f1xxx_adc.c': object (.o) file not exist
'c:\Users\proyr\Documents\Github\SC32-RT-Thread\hal\SC32F1X\src\sc32f1xxx_btm.c': object (.o) file not exist
'c:\Users\proyr\Documents\Github\SC32-RT-Thread\hal\SC32F1X\src\sc32f1xxx_can.c': object (.o) file not exist
'c:\Users\proyr\Documents\Github\SC32-RT-Thread\hal\SC32F1X\src\sc32f1xxx_cmp.c': object (.o) file not exist
'c:\Users\proyr\Documents\Github\SC32-RT-Thread\hal\SC32F1X\src\sc32f1xxx_crc.c': object (.o) file not exist
'c:\Users\proyr\Documents\Github\SC32-RT-Thread\hal\SC32F1X\src\sc32f1xxx_dac.c': compiler options has been changed.
'c:\Users\proyr\Documents\Github\SC32-RT-Thread\hal\SC32F1X\src\sc32f1xxx_dma.c': object (.o) file not exist
'c:\Users\proyr\Documents\Github\SC32-RT-Thread\hal\SC32F1X\src\sc32f1xxx_gpio.c': object (.o) file not exist
'c:\Users\proyr\Documents\Github\SC32-RT-Thread\hal\SC32F1X\src\sc32f1xxx_iap.c': compiler options has been changed.
'c:\Users\proyr\Documents\Github\SC32-RT-Thread\hal\SC32F1X\src\sc32f1xxx_int.c': compiler options has been changed.
'c:\Users\proyr\Documents\Github\SC32-RT-Thread\hal\SC32F1X\src\sc32f1xxx_lcd.c': compiler options has been changed.
'c:\Users\proyr\Documents\Github\SC32-RT-Thread\hal\SC32F1X\src\sc32f1xxx_led.c': compiler options has been changed.
'c:\Users\proyr\Documents\Github\SC32-RT-Thread\hal\SC32F1X\src\sc32f1xxx_ledpwm.c': compiler options has been changed.
'c:\Users\proyr\Documents\Github\SC32-RT-Thread\hal\SC32F1X\src\sc32f1xxx_op.c': compiler options has been changed.
'c:\Users\proyr\Documents\Github\SC32-RT-Thread\hal\SC32F1X\src\sc32f1xxx_option.c': compiler options has been changed.
'c:\Users\proyr\Documents\Github\SC32-RT-Thread\hal\SC32F1X\src\sc32f1xxx_pga.c': compiler options has been changed.
'c:\Users\proyr\Documents\Github\SC32-RT-Thread\hal\SC32F1X\src\sc32f1xxx_pwm.c': compiler options has been changed.
'c:\Users\proyr\Documents\Github\SC32-RT-Thread\hal\SC32F1X\src\sc32f1xxx_pwr.c': compiler options has been changed.
'c:\Users\proyr\Documents\Github\SC32-RT-Thread\hal\SC32F1X\src\sc32f1xxx_qep.c': compiler options has been changed.
'c:\Users\proyr\Documents\Github\SC32-RT-Thread\hal\SC32F1X\src\sc32f1xxx_qspi.c': compiler options has been changed.
'c:\Users\proyr\Documents\Github\SC32-RT-Thread\hal\SC32F1X\src\sc32f1xxx_rcc.c': compiler options has been changed.
'c:\Users\proyr\Documents\Github\SC32-RT-Thread\hal\SC32F1X\src\sc32f1xxx_spi.c': compiler options has been changed.
'c:\Users\proyr\Documents\Github\SC32-RT-Thread\hal\SC32F1X\src\sc32f1xxx_spi1_twi1.c': compiler options has been changed.
'c:\Users\proyr\Documents\Github\SC32-RT-Thread\hal\SC32F1X\src\sc32f1xxx_temper.c': compiler options has been changed.
'c:\Users\proyr\Documents\Github\SC32-RT-Thread\hal\SC32F1X\src\sc32f1xxx_tim.c': compiler options has been changed.
'c:\Users\proyr\Documents\Github\SC32-RT-Thread\hal\SC32F1X\src\sc32f1xxx_twi.c': compiler options has been changed.
'c:\Users\proyr\Documents\Github\SC32-RT-Thread\hal\SC32F1X\src\sc32f1xxx_uart.c': compiler options has been changed.
'c:\Users\proyr\Documents\Github\SC32-RT-Thread\hal\SC32F1X\src\sc32f1xxx_vref.c': compiler options has been changed.
'c:\Users\proyr\Documents\Github\SC32-RT-Thread\hal\SC32F1X\src\sc32f1xxx_wdt.c': compiler options has been changed.
'c:\Users\proyr\Documents\Github\SC32-RT-Thread\hal\SC32F1X\src\system_sc32f1xxx.c': compiler options has been changed.
'c:\Users\proyr\Documents\Github\SC32-RT-Thread\src\main.c': compiler options has been changed.

[2025-08-01 16:14:58]	link failed !, exit code: 1
   at unify_builder.Program.Main(String[] args_)
---
"c:/Users/proyr/Documents/Github/SC32-RT-Thread/build/Main/project.sct", line 7 (column 8): Error: L6236E: No section matches selector - no section to be FIRST/LAST.
Not enough information to list image symbols.
Not enough information to list the image map.
Finished: 2 information, 0 warning and 1 error messages.


[2025-08-01 16:15:18]	[info] incremental build: 1 source files changed
These source files will be recompiled
---
'c:\Users\proyr\Documents\Github\SC32-RT-Thread\.cmsis\dev\startup_sc32r803.s': object (.o) file not exist

[2025-08-01 16:15:18]	[done]
	build successfully !

[2025-08-01 16:15:37]	[done]
	build successfully !

